Determining if the pthread_create exist failed with the following output:
Change Dir: /home/ansen/httpforwarder/build/release/CMakeFiles/CMakeTmp

Run Build Command:/usr/bin/make "cmTryCompileExec888067221/fast"
/usr/bin/make -f CMakeFiles/cmTryCompileExec888067221.dir/build.make CMakeFiles/cmTryCompileExec888067221.dir/build
make[1]: Entering directory `/home/ansen/httpforwarder/build/release/CMakeFiles/CMakeTmp'
/usr/bin/cmake -E cmake_progress_report /home/ansen/httpforwarder/build/release/CMakeFiles/CMakeTmp/CMakeFiles 1
Building C object CMakeFiles/cmTryCompileExec888067221.dir/CheckSymbolExists.c.o
/usr/bin/cc    -o CMakeFiles/cmTryCompileExec888067221.dir/CheckSymbolExists.c.o   -c /home/ansen/httpforwarder/build/release/CMakeFiles/CMakeTmp/CheckSymbolExists.c
Linking C executable cmTryCompileExec888067221
/usr/bin/cmake -E cmake_link_script CMakeFiles/cmTryCompileExec888067221.dir/link.txt --verbose=1
/usr/bin/cc       CMakeFiles/cmTryCompileExec888067221.dir/CheckSymbolExists.c.o  -o cmTryCompileExec888067221 -rdynamic 
CMakeFiles/cmTryCompileExec888067221.dir/CheckSymbolExists.c.o: In function `main':
CheckSymbolExists.c:(.text+0x16): undefined reference to `pthread_create'
collect2: error: ld returned 1 exit status
make[1]: Leaving directory `/home/ansen/httpforwarder/build/release/CMakeFiles/CMakeTmp'
make[1]: *** [cmTryCompileExec888067221] Error 1
make: *** [cmTryCompileExec888067221/fast] Error 2

File /home/ansen/httpforwarder/build/release/CMakeFiles/CMakeTmp/CheckSymbolExists.c:
/* */
#include <pthread.h>

int main(int argc, char** argv)
{
  (void)argv;
#ifndef pthread_create
  return ((int*)(&pthread_create))[argc];
#else
  (void)argc;
  return 0;
#endif
}

Determining if the function pthread_create exists in the pthreads failed with the following output:
Change Dir: /home/ansen/httpforwarder/build/release/CMakeFiles/CMakeTmp

Run Build Command:/usr/bin/make "cmTryCompileExec2923961101/fast"
/usr/bin/make -f CMakeFiles/cmTryCompileExec2923961101.dir/build.make CMakeFiles/cmTryCompileExec2923961101.dir/build
make[1]: Entering directory `/home/ansen/httpforwarder/build/release/CMakeFiles/CMakeTmp'
/usr/bin/cmake -E cmake_progress_report /home/ansen/httpforwarder/build/release/CMakeFiles/CMakeTmp/CMakeFiles 1
Building C object CMakeFiles/cmTryCompileExec2923961101.dir/CheckFunctionExists.c.o
/usr/bin/cc   -DCHECK_FUNCTION_EXISTS=pthread_create   -o CMakeFiles/cmTryCompileExec2923961101.dir/CheckFunctionExists.c.o   -c /usr/share/cmake-2.8/Modules/CheckFunctionExists.c
Linking C executable cmTryCompileExec2923961101
/usr/bin/cmake -E cmake_link_script CMakeFiles/cmTryCompileExec2923961101.dir/link.txt --verbose=1
/usr/bin/cc   -DCHECK_FUNCTION_EXISTS=pthread_create    CMakeFiles/cmTryCompileExec2923961101.dir/CheckFunctionExists.c.o  -o cmTryCompileExec2923961101 -rdynamic -lpthreads 
/usr/bin/ld: cannot find -lpthreads
collect2: error: ld returned 1 exit status
make[1]: Leaving directory `/home/ansen/httpforwarder/build/release/CMakeFiles/CMakeTmp'
make[1]: *** [cmTryCompileExec2923961101] Error 1
make: *** [cmTryCompileExec2923961101/fast] Error 2


